#
# There is insufficient memory for the Java Runtime Environment to continue.
# Native memory allocation (mmap) failed to map 268435456 bytes for Failed to commit area from 0x0000000701000000 to 0x0000000711000000 of length 268435456.
# Possible reasons:
#   The system is out of physical RAM or swap space
#   The process is running with CompressedOops enabled, and the Java Heap may be blocking the growth of the native heap
# Possible solutions:
#   Reduce memory load on the system
#   Increase physical memory or swap space
#   Check if swap backing store is full
#   Decrease Java heap size (-Xmx/-Xms)
#   Decrease number of Java threads
#   Decrease Java thread stack sizes (-Xss)
#   Set larger code cache with -XX:ReservedCodeCacheSize=
# This output file may be truncated or incomplete.
#
#  Out of Memory Error (./src/hotspot/os/windows/os_windows.cpp:3303), pid=26588, tid=23632
#
# JRE version:  (11.0.7+10) (build )
# Java VM: OpenJDK 64-Bit Server VM (11.0.7+10, mixed mode, sharing, tiered, compressed oops, g1 gc, windows-amd64)
# No core dump will be written. Minidumps are not enabled by default on client versions of Windows
#

---------------  S U M M A R Y ------------

Command Line: -javaagent:C:\\Users\\snezhinka\\.m2\\repository\\org\\jacoco\\org.jacoco.agent\\0.8.5\\org.jacoco.agent-0.8.5-runtime.jar=destfile=D:\\Marina\\NetologyJava\\dz7\\task1\\2.5_ci\\target\\jacoco.exec C:\Users\SNEZHI~1\AppData\Local\Temp\surefire4845811828046249515\surefirebooter3232525450861245488.jar C:\Users\snezhinka\AppData\Local\Temp\surefire4845811828046249515 2020-08-01T23-03-40_246-jvmRun1 surefire1567675051067071473tmp surefire_015871751872106304843tmp

Host: AMD Ryzen 3 1200 Quad-Core Processor           , 4 cores, 15G,  Windows 10 , 64 bit Build 18362 (10.0.18362.959)
Time: Sat Aug  1 23:03:40 2020 RTZ 2 (ceia) elapsed time: 0 seconds (0d 0h 0m 0s)

---------------  T H R E A D  ---------------

Current thread (0x0000014377a4b000):  JavaThread "Unknown thread" [_thread_in_vm, id=23632, stack(0x0000002771d00000,0x0000002771e00000)]

Stack: [0x0000002771d00000,0x0000002771e00000]
Native frames: (J=compiled Java code, j=interpreted, Vv=VM code, C=native code)
V  [jvm.dll+0x5dec5a]
V  [jvm.dll+0x71671e]
V  [jvm.dll+0x717def]
V  [jvm.dll+0x7184b3]
V  [jvm.dll+0x2409b8]
V  [jvm.dll+0x5dbf1a]
V  [jvm.dll+0x5d0c05]
V  [jvm.dll+0x2f614c]
V  [jvm.dll+0x2f5fd2]
V  [jvm.dll+0x2fac86]
V  [jvm.dll+0x33eb4f]
V  [jvm.dll+0x33e580]
V  [jvm.dll+0x2d3518]
V  [jvm.dll+0x2d4666]
V  [jvm.dll+0x6f2437]
V  [jvm.dll+0x6f3bbf]
V  [jvm.dll+0x34b8d9]
V  [jvm.dll+0x6d5aa0]
V  [jvm.dll+0x3b2c8f]
V  [jvm.dll+0x3b4f41]
C  [jli.dll+0x51fb]
C  [ucrtbase.dll+0x20e82]
C  [KERNEL32.DLL+0x17bd4]
C  [ntdll.dll+0x6ce51]


---------------  P R O C E S S  ---------------

Threads class SMR info:
_java_thread_list=0x00000143758c6d80, length=0, elements={
}

Java Threads: ( => current thread )

Other Threads:
  0x0000014377a65000 GCTaskThread "GC Thread#0" [stack: 0x0000002771e00000,0x0000002771f00000] [id=13788]
  0x0000014377ac1000 ConcurrentGCThread "G1 Main Marker" [stack: 0x0000002771f00000,0x0000002772000000] [id=28540]
  0x0000014377ac3000 ConcurrentGCThread "G1 Conc#0" [stack: 0x0000002772000000,0x0000002772100000] [id=12808]

[error occurred during error reporting (printing all threads), id 0xc0000005, EXCEPTION_ACCESS_VIOLATION (0xc0000005) at pc=0x00007ffc87492b67]

VM state:not at safepoint (not fully initialized)

VM Mutex/Monitor currently owned by a thread:  ([mutex/lock_event])
[0x0000014377a46740] Heap_lock - owner thread: 0x0000014377a4b000

Heap address: 0x0000000701000000, size: 4080 MB, Compressed Oops mode: Non-zero based: 0x0000000701000000
Narrow klass base: 0x0000000000000000, Narrow klass shift: 0

GC Heap History (0 events):
No events

Deoptimization events (0 events):
No events

Classes redefined (0 events):
No events

Internal exceptions (0 events):
No events

Events (2 events):
Event: 0.008 Loaded shared library C:\Program Files\AdoptOpenJDK\jdk-11.0.7.10-hotspot\bin\zip.dll
Event: 0.009 Loaded shared library C:\Program Files\AdoptOpenJDK\jdk-11.0.7.10-hotspot\bin\jimage.dll


Dynamic libraries:
0x00007ff7bb1d0000 - 0x00007ff7bb1dd000 	C:\Program Files\AdoptOpenJDK\jdk-11.0.7.10-hotspot\bin\java.exe
0x00007ffcb9da0000 - 0x00007ffcb9f90000 	C:\Windows\SYSTEM32\ntdll.dll
0x00007ffcb8800000 - 0x00007ffcb88b2000 	C:\Windows\System32\KERNEL32.DLL
0x00007ffcb6f20000 - 0x00007ffcb71c4000 	C:\Windows\System32\KERNELBASE.dll
0x00007ffcb6d40000 - 0x00007ffcb6e3a000 	C:\Windows\System32\ucrtbase.dll
0x00007ffcae4c0000 - 0x00007ffcae4d5000 	C:\Program Files\AdoptOpenJDK\jdk-11.0.7.10-hotspot\bin\VCRUNTIME140.dll
0x00007ffcae0e0000 - 0x00007ffcae0f7000 	C:\Program Files\AdoptOpenJDK\jdk-11.0.7.10-hotspot\bin\jli.dll
0x00007ffcb8e80000 - 0x00007ffcb9014000 	C:\Windows\System32\USER32.dll
0x00007ffcb6ef0000 - 0x00007ffcb6f11000 	C:\Windows\System32\win32u.dll
0x00007ffca3140000 - 0x00007ffca33c4000 	C:\Windows\WinSxS\amd64_microsoft.windows.common-controls_6595b64144ccf1df_6.0.18362.959_none_e6c7bbbf130c62bb\COMCTL32.dll
0x00007ffcb8e50000 - 0x00007ffcb8e76000 	C:\Windows\System32\GDI32.dll
0x00007ffcb8150000 - 0x00007ffcb81ee000 	C:\Windows\System32\msvcrt.dll
0x00007ffcb71d0000 - 0x00007ffcb7366000 	C:\Windows\System32\gdi32full.dll
0x00007ffcb81f0000 - 0x00007ffcb8525000 	C:\Windows\System32\combase.dll
0x00007ffcb7d30000 - 0x00007ffcb7dce000 	C:\Windows\System32\msvcp_win.dll
0x00007ffcb9ac0000 - 0x00007ffcb9be0000 	C:\Windows\System32\RPCRT4.dll
0x00007ffcb7c50000 - 0x00007ffcb7cd0000 	C:\Windows\System32\bcryptPrimitives.dll
0x00007ffcb9cb0000 - 0x00007ffcb9cde000 	C:\Windows\System32\IMM32.DLL
0x00007ffc972a0000 - 0x00007ffc9733b000 	C:\Program Files\AdoptOpenJDK\jdk-11.0.7.10-hotspot\bin\msvcp140.dll
0x00007ffc871b0000 - 0x00007ffc87c6c000 	C:\Program Files\AdoptOpenJDK\jdk-11.0.7.10-hotspot\bin\server\jvm.dll
0x00007ffcb7ef0000 - 0x00007ffcb7f93000 	C:\Windows\System32\ADVAPI32.dll
0x00007ffcb7e50000 - 0x00007ffcb7ee7000 	C:\Windows\System32\sechost.dll
0x00007ffcb8530000 - 0x00007ffcb8538000 	C:\Windows\System32\PSAPI.DLL
0x00007ffcae250000 - 0x00007ffcae259000 	C:\Windows\SYSTEM32\WSOCK32.dll
0x00007ffcaeaa0000 - 0x00007ffcaeac4000 	C:\Windows\SYSTEM32\WINMM.dll
0x00007ffcb9020000 - 0x00007ffcb908f000 	C:\Windows\System32\WS2_32.dll
0x00007ffcb0230000 - 0x00007ffcb023a000 	C:\Windows\SYSTEM32\VERSION.dll
0x00007ffcaea70000 - 0x00007ffcaea9d000 	C:\Windows\SYSTEM32\winmmbase.dll
0x00007ffcb7e00000 - 0x00007ffcb7e4a000 	C:\Windows\System32\cfgmgr32.dll
0x00007ffcb6c60000 - 0x00007ffcb6c71000 	C:\Windows\System32\kernel.appcore.dll
0x00007ffcb33f0000 - 0x00007ffcb3400000 	C:\Program Files\AdoptOpenJDK\jdk-11.0.7.10-hotspot\bin\verify.dll
0x00007ffca38e0000 - 0x00007ffca3ad4000 	C:\Windows\SYSTEM32\DBGHELP.DLL
0x00007ffca3840000 - 0x00007ffca386a000 	C:\Windows\SYSTEM32\dbgcore.DLL
0x00007ffca0b40000 - 0x00007ffca0b68000 	C:\Program Files\AdoptOpenJDK\jdk-11.0.7.10-hotspot\bin\java.dll
0x00007ffcb2940000 - 0x00007ffcb294e000 	C:\Program Files\AdoptOpenJDK\jdk-11.0.7.10-hotspot\bin\instrument.dll
0x00007ffca3bd0000 - 0x00007ffca3be6000 	C:\Program Files\AdoptOpenJDK\jdk-11.0.7.10-hotspot\bin\zip.dll
0x00007ffcaead0000 - 0x00007ffcaeada000 	C:\Program Files\AdoptOpenJDK\jdk-11.0.7.10-hotspot\bin\jimage.dll

dbghelp: loaded successfully - version: 4.0.5 - missing functions: none
symbol engine: initialized successfully - sym options: 0x614 - pdb path: .;C:\Program Files\AdoptOpenJDK\jdk-11.0.7.10-hotspot\bin;C:\Windows\SYSTEM32;C:\Windows\WinSxS\amd64_microsoft.windows.common-controls_6595b64144ccf1df_6.0.18362.959_none_e6c7bbbf130c62bb;C:\Program Files\AdoptOpenJDK\jdk-11.0.7.10-hotspot\bin\server

VM Arguments:
jvm_args: -javaagent:C:\\Users\\snezhinka\\.m2\\repository\\org\\jacoco\\org.jacoco.agent\\0.8.5\\org.jacoco.agent-0.8.5-runtime.jar=destfile=D:\\Marina\\NetologyJava\\dz7\\task1\\2.5_ci\\target\\jacoco.exec 
java_command: C:\Users\SNEZHI~1\AppData\Local\Temp\surefire4845811828046249515\surefirebooter3232525450861245488.jar C:\Users\snezhinka\AppData\Local\Temp\surefire4845811828046249515 2020-08-01T23-03-40_246-jvmRun1 surefire1567675051067071473tmp surefire_015871751872106304843tmp
java_class_path (initial): C:\Users\SNEZHI~1\AppData\Local\Temp\surefire4845811828046249515\surefirebooter3232525450861245488.jar
Launcher Type: SUN_STANDARD

[Global flags]
     intx CICompilerCount                          = 3                                         {product} {ergonomic}
     uint ConcGCThreads                            = 1                                         {product} {ergonomic}
     uint G1ConcRefinementThreads                  = 4                                         {product} {ergonomic}
   size_t G1HeapRegionSize                         = 1048576                                   {product} {ergonomic}
    uintx GCDrainStackTargetSize                   = 64                                        {product} {ergonomic}
   size_t InitialHeapSize                          = 268435456                                 {product} {ergonomic}
   size_t MarkStackSize                            = 4194304                                   {product} {ergonomic}
   size_t MaxHeapSize                              = 4278190080                                {product} {ergonomic}
   size_t MinHeapDeltaBytes                        = 1048576                                   {product} {ergonomic}
    uintx NonNMethodCodeHeapSize                   = 5830732                                {pd product} {ergonomic}
    uintx NonProfiledCodeHeapSize                  = 122913754                              {pd product} {ergonomic}
    uintx ProfiledCodeHeapSize                     = 122913754                              {pd product} {ergonomic}
    uintx ReservedCodeCacheSize                    = 251658240                              {pd product} {ergonomic}
     bool SegmentedCodeCache                       = true                                      {product} {ergonomic}
     bool UseCompressedClassPointers               = true                                 {lp64_product} {ergonomic}
     bool UseCompressedOops                        = true                                 {lp64_product} {ergonomic}
     bool UseG1GC                                  = true                                      {product} {ergonomic}
     bool UseLargePagesIndividualAllocation        = false                                  {pd product} {ergonomic}

Logging:
Log output configuration:
 #0: stdout all=warning uptime,level,tags
 #1: stderr all=off uptime,level,tags

Environment Variables:
PATH=C:\Program Files\AdoptOpenJDK\jdk-11.0.7.10-hotspot\bin;C:\ProgramData\Oracle\Java\javapath;C:\Windows\system32;C:\Windows;C:\Windows\System32\Wbem;C:\Windows\System32\WindowsPowerShell\v1.0\;C:\Windows\System32\OpenSSH\;C:\Program Files\Git\cmd;C:\Program Files\PuTTY\;C:\Users\snezhinka\AppData\Local\Microsoft\WindowsApps;
USERNAME=snezhinka
OS=Windows_NT
PROCESSOR_IDENTIFIER=AMD64 Family 23 Model 1 Stepping 1, AuthenticAMD



---------------  S Y S T E M  ---------------

OS: Windows 10 , 64 bit Build 18362 (10.0.18362.959)
OS uptime: 2 days 5:04 hours

CPU:total 4 (initial active 4) (4 cores per cpu, 1 threads per core) family 23 model 1 stepping 1, cmov, cx8, fxsr, mmx, sse, sse2, sse3, ssse3, sse4.1, sse4.2, popcnt, avx, avx2, aes, clmul, mmxext, 3dnowpref, lzcnt, sse4a, tsc, tscinvbit, tscinv, bmi1, bmi2, adx, sha, fma

Memory: 4k page, system-wide physical 16315M (5253M free)
TotalPageFile size 24507M (AvailPageFile size 173M)
current process WorkingSet (physical memory assigned to process): 10M, peak: 10M
current process commit charge ("private bytes"): 52M, peak: 308M

vm_info: OpenJDK 64-Bit Server VM (11.0.7+10) for windows-amd64 JRE (11.0.7+10), built on Apr 16 2020 11:43:40 by "" with MS VC++ 15.9 (VS2017)

END.
